<?xml version="1.0" encoding="UTF-8"?>
<!-- Generated by org.testng.reporters.JUnitXMLReporter -->
<testsuite ignored="0" hostname="DESKTOP-40MS3DL" failures="0" tests="4" name="Test" time="14.603" errors="0" timestamp="2023-06-08T20:48:45 IST">
  <testcase classname="TestCasePackage.Post_TestClass1" name="execute" time="8.564"/>
  <testcase classname="TestCasePackage.Post_TestClass2" name="execute" time="1.791"/>
  <testcase classname="TestCasePackage.Post_TestClass3" name="execute" time="1.56"/>
  <testcase classname="TestCasePackage.Post_TestClass4" name="execute" time="2.394"/>
</testsuite> <!-- Test -->
