<?xml version="1.0" encoding="UTF-8"?>
<testng-results ignored="0" total="4" passed="4" failed="0" skipped="0">
  <reporter-output>
  </reporter-output>
  <suite started-at="2023-06-08T20:48:31 IST" name="Suite" finished-at="2023-06-08T20:48:45 IST" duration-ms="14603">
    <groups>
    </groups>
    <test started-at="2023-06-08T20:48:31 IST" name="Test" finished-at="2023-06-08T20:48:45 IST" duration-ms="14603">
      <class name="TestCasePackage.Post_TestClass4">
        <test-method signature="execute()[pri:0, instance:TestCasePackage.Post_TestClass4@301eda63]" started-at="2023-06-08T20:48:43 IST" name="execute" finished-at="2023-06-08T20:48:45 IST" duration-ms="2394" status="PASS">
          <reporter-output>
          </reporter-output>
        </test-method> <!-- execute -->
      </class> <!-- TestCasePackage.Post_TestClass4 -->
      <class name="TestCasePackage.Post_TestClass3">
        <test-method signature="execute()[pri:0, instance:TestCasePackage.Post_TestClass3@56c4278e]" started-at="2023-06-08T20:48:41 IST" name="execute" finished-at="2023-06-08T20:48:43 IST" duration-ms="1560" status="PASS">
          <reporter-output>
          </reporter-output>
        </test-method> <!-- execute -->
      </class> <!-- TestCasePackage.Post_TestClass3 -->
      <class name="TestCasePackage.Post_TestClass2">
        <test-method signature="execute()[pri:0, instance:TestCasePackage.Post_TestClass2@20f5281c]" started-at="2023-06-08T20:48:39 IST" name="execute" finished-at="2023-06-08T20:48:41 IST" duration-ms="1791" status="PASS">
          <reporter-output>
          </reporter-output>
        </test-method> <!-- execute -->
      </class> <!-- TestCasePackage.Post_TestClass2 -->
      <class name="TestCasePackage.Post_TestClass1">
        <test-method signature="execute()[pri:0, instance:TestCasePackage.Post_TestClass1@225129c]" started-at="2023-06-08T20:48:31 IST" name="execute" finished-at="2023-06-08T20:48:39 IST" duration-ms="8564" status="PASS">
          <reporter-output>
          </reporter-output>
        </test-method> <!-- execute -->
      </class> <!-- TestCasePackage.Post_TestClass1 -->
    </test> <!-- Test -->
  </suite> <!-- Suite -->
</testng-results>
